<?xml version="1.0" encoding="UTF-8"?>
<!-- Generated by org.testng.reporters.JUnitXMLReporter -->
<testsuite ignored="0" hostname="DESKTOP-0O3G64A" failures="0" tests="5" name="Test" time="31.191" errors="0" timestamp="2025-02-06T23:09:27 IST">
  <testcase classname="tests.FourTest" name="testFour" time="0.017"/>
  <testcase classname="tests.TwoTest" name="testTwo" time="0.003"/>
  <testcase classname="tests.ThreeTest" name="testThree" time="0.007"/>
  <testcase classname="tests.LoginTest" name="login" time="5.905"/>
  <testcase classname="tests.LoginTest" name="login" time="15.77"/>
</testsuite> <!-- Test -->
